<?xml version="1.0" encoding="UTF-8"?>
<!-- Generated by org.testng.reporters.JUnitXMLReporter -->
<testsuite ignored="0" hostname="ATMECSINDT-080" failures="0" tests="4" name="Default test" time="20.611" errors="0" timestamp="15 Oct 2019 15:43:15 GMT">
  <testcase classname="com.org.konakart.testbase.InvokeBrowser" name="setup" time="15.64"/>
  <testcase classname="com.org.konakart.testscripts.HeroImagePage" name="clickOnHeroImage" time="4.612"/>
  <testcase classname="com.org.konakart.testscripts.HeroImagePage" name="validatetabsOfHeroImage" time="0.232"/>
  <testcase classname="com.org.konakart.testscripts.HeroImagePage" name="sortByActions" time="0.081"/>
</testsuite> <!-- Default test -->
